[0601/101810.383:ERROR:process_info.cc(329)] VirtualQueryEx: Access is denied. (0x5)
[0601/101810.383:ERROR:process_info.cc(556)] ReadMemoryInfo failed
[0601/101810.383:ERROR:process_memory_win.cc(39)] Failed to initialize ProcessInfo.
[0601/101810.383:ERROR:scoped_process_suspend.cc(40)] NtResumeProcess: An attempt was made to access an exiting process. (0xc000010a)
[0601/104601.664:ERROR:process_info.cc(329)] VirtualQueryEx: Access is denied. (0x5)
[0601/104601.664:ERROR:process_info.cc(556)] ReadMemoryInfo failed
[0601/104601.665:ERROR:scoped_process_suspend.cc(40)] NtResumeProcess: An attempt was made to access an exiting process. (0xc000010a)
[0601/111931.728:ERROR:process_info.cc(329)] VirtualQueryEx: Access is denied. (0x5)
[0601/111931.728:ERROR:process_info.cc(556)] ReadMemoryInfo failed
[0601/111931.728:ERROR:process_memory_win.cc(39)] Failed to initialize ProcessInfo.
[0601/111931.728:ERROR:scoped_process_suspend.cc(40)] NtResumeProcess: An attempt was made to access an exiting process. (0xc000010a)
[0605/220602.768:ERROR:process_info.cc(329)] VirtualQueryEx: Access is denied. (0x5)
[0605/220602.816:ERROR:process_info.cc(556)] ReadMemoryInfo failed
[0605/220602.816:ERROR:scoped_process_suspend.cc(40)] NtResumeProcess: An attempt was made to access an exiting process. (0xc000010a)
[0605/221433.109:ERROR:process_memory_win.cc(73)] ReadMemory at 0x11d6b20 of 512 bytes failed: Only part of a ReadProcessMemory or WriteProcessMemory request was completed. (0x12B)
[0605/221433.110:ERROR:process_memory_win.cc(73)] ReadMemory at 0x11d8890 of 512 bytes failed: Only part of a ReadProcessMemory or WriteProcessMemory request was completed. (0x12B)
[0605/221433.110:ERROR:process_memory_win.cc(73)] ReadMemory at 0x11e13b0 of 512 bytes failed: Only part of a ReadProcessMemory or WriteProcessMemory request was completed. (0x12B)
[0605/221433.110:ERROR:process_memory_win.cc(73)] ReadMemory at 0x11e5570 of 712 bytes failed: Only part of a ReadProcessMemory or WriteProcessMemory request was completed. (0x12B)
[0605/221433.110:ERROR:process_memory_win.cc(73)] ReadMemory at 0x11e8768 of 512 bytes failed: Only part of a ReadProcessMemory or WriteProcessMemory request was completed. (0x12B)
[0605/221433.111:ERROR:process_memory_win.cc(73)] ReadMemory at 0x11eb840 of 512 bytes failed: Only part of a ReadProcessMemory or WriteProcessMemory request was completed. (0x12B)
[0605/221433.111:ERROR:process_memory_win.cc(73)] ReadMemory at 0x120d300 of 512 bytes failed: Only part of a ReadProcessMemory or WriteProcessMemory request was completed. (0x12B)
[0605/221433.111:ERROR:process_memory_win.cc(73)] ReadMemory at 0x126fce0 of 512 bytes failed: Only part of a ReadProcessMemory or WriteProcessMemory request was completed. (0x12B)
[0605/221433.111:ERROR:process_memory_win.cc(73)] ReadMemory at 0x1270750 of 512 bytes failed: Only part of a ReadProcessMemory or WriteProcessMemory request was completed. (0x12B)
[0605/221433.111:ERROR:process_memory_win.cc(73)] ReadMemory at 0x8c902d0 of 512 bytes failed: Only part of a ReadProcessMemory or WriteProcessMemory request was completed. (0x12B)
[0605/221433.111:ERROR:process_memory_win.cc(73)] ReadMemory at 0x8cc7a90 of 512 bytes failed: Only part of a ReadProcessMemory or WriteProcessMemory request was completed. (0x12B)
[0605/221433.112:ERROR:process_memory_win.cc(73)] ReadMemory at 0x8d02700 of 512 bytes failed: Only part of a ReadProcessMemory or WriteProcessMemory request was completed. (0x12B)
[0605/221433.112:ERROR:process_memory_win.cc(73)] ReadMemory at 0x8f2f8e0 of 520 bytes failed: Only part of a ReadProcessMemory or WriteProcessMemory request was completed. (0x12B)
[0605/221433.112:ERROR:process_memory_win.cc(73)] ReadMemory at 0x8f54af8 of 512 bytes failed: Only part of a ReadProcessMemory or WriteProcessMemory request was completed. (0x12B)
[0605/221433.112:ERROR:process_memory_win.cc(73)] ReadMemory at 0x901c520 of 512 bytes failed: Only part of a ReadProcessMemory or WriteProcessMemory request was completed. (0x12B)
[0605/221433.112:ERROR:process_memory_win.cc(73)] ReadMemory at 0x1808db50 of 512 bytes failed: Only part of a ReadProcessMemory or WriteProcessMemory request was completed. (0x12B)
[0605/221433.112:ERROR:process_memory_win.cc(73)] ReadMemory at 0x1857b8d0 of 512 bytes failed: Only part of a ReadProcessMemory or WriteProcessMemory request was completed. (0x12B)
[0605/221433.113:ERROR:process_memory_win.cc(73)] ReadMemory at 0x1857ff78 of 568 bytes failed: Only part of a ReadProcessMemory or WriteProcessMemory request was completed. (0x12B)
[0605/221433.116:ERROR:scoped_process_suspend.cc(40)] NtResumeProcess: An attempt was made to access an exiting process. (0xc000010a)
[0606/061252.633:ERROR:process_info.cc(329)] VirtualQueryEx: Access is denied. (0x5)
[0606/061252.634:ERROR:process_info.cc(556)] ReadMemoryInfo failed
[0606/061252.635:ERROR:process_memory_win.cc(39)] Failed to initialize ProcessInfo.
[0606/061252.635:ERROR:scoped_process_suspend.cc(40)] NtResumeProcess: An attempt was made to access an exiting process. (0xc000010a)
[0606/061452.536:ERROR:process_memory_win.cc(73)] ReadMemory at 0x13ff50000 of 64 bytes failed: Only part of a ReadProcessMemory or WriteProcessMemory request was completed. (0x12B)
[0606/061452.537:WARNING:pe_image_reader.cc(340)] could not read dos header from C:\Program Files (x86)\Google\Chrome\Application\chrome.exe
[0606/061452.537:ERROR:process_memory_win.cc(73)] ReadMemory at 0x77a90000 of 64 bytes failed: Only part of a ReadProcessMemory or WriteProcessMemory request was completed. (0x12B)
[0606/061452.537:WARNING:pe_image_reader.cc(340)] could not read dos header from C:\Windows\SYSTEM32\ntdll.dll
[0606/061452.537:ERROR:process_memory_win.cc(73)] ReadMemory at 0x77970000 of 64 bytes failed: Only part of a ReadProcessMemory or WriteProcessMemory request was completed. (0x12B)
[0606/061452.537:WARNING:pe_image_reader.cc(340)] could not read dos header from C:\Windows\system32\kernel32.dll
[0606/061452.537:ERROR:process_memory_win.cc(73)] ReadMemory at 0x7fefd870000 of 64 bytes failed: Only part of a ReadProcessMemory or WriteProcessMemory request was completed. (0x12B)
[0606/061452.537:WARNING:pe_image_reader.cc(340)] could not read dos header from C:\Windows\system32\KERNELBASE.dll
[0606/061452.537:ERROR:process_memory_win.cc(73)] ReadMemory at 0x7fef35a0000 of 64 bytes failed: Only part of a ReadProcessMemory or WriteProcessMemory request was completed. (0x12B)
[0606/061452.537:WARNING:pe_image_reader.cc(340)] could not read dos header from C:\Program Files (x86)\Google\Chrome\Application\83.0.4103.61\chrome_elf.dll
[0606/061452.537:ERROR:process_memory_win.cc(73)] ReadMemory at 0x7fefc930000 of 64 bytes failed: Only part of a ReadProcessMemory or WriteProcessMemory request was completed. (0x12B)
[0606/061452.537:WARNING:pe_image_reader.cc(340)] could not read dos header from C:\Windows\system32\VERSION.dll
[0606/061452.537:ERROR:process_memory_win.cc(73)] ReadMemory at 0x7fefdfb0000 of 64 bytes failed: Only part of a ReadProcessMemory or WriteProcessMemory request was completed. (0x12B)
[0606/061452.537:WARNING:pe_image_reader.cc(340)] could not read dos header from C:\Windows\system32\msvcrt.dll
[0606/061452.537:ERROR:process_memory_win.cc(73)] ReadMemory at 0x7fefe160000 of 64 bytes failed: Only part of a ReadProcessMemory or WriteProcessMemory request was completed. (0x12B)
[0606/061452.538:WARNING:pe_image_reader.cc(340)] could not read dos header from C:\Windows\system32\GDI32.dll
[0606/061452.538:ERROR:process_memory_win.cc(73)] ReadMemory at 0x77870000 of 64 bytes failed: Only part of a ReadProcessMemory or WriteProcessMemory request was completed. (0x12B)
[0606/061452.538:WARNING:pe_image_reader.cc(340)] could not read dos header from C:\Windows\system32\USER32.dll
[0606/061452.538:ERROR:process_memory_win.cc(73)] ReadMemory at 0x7feff4f0000 of 64 bytes failed: Only part of a ReadProcessMemory or WriteProcessMemory request was completed. (0x12B)
[0606/061452.538:WARNING:pe_image_reader.cc(340)] could not read dos header from C:\Windows\system32\LPK.dll
[0606/061452.538:ERROR:process_memory_win.cc(73)] ReadMemory at 0x7feff2f0000 of 64 bytes failed: Only part of a ReadProcessMemory or WriteProcessMemory request was completed. (0x12B)
[0606/061452.538:WARNING:pe_image_reader.cc(340)] could not read dos header from C:\Windows\system32\USP10.dll
[0606/061452.538:ERROR:process_memory_win.cc(73)] ReadMemory at 0x7fefe1d0000 of 64 bytes failed: Only part of a ReadProcessMemory or WriteProcessMemory request was completed. (0x12B)
[0606/061452.538:WARNING:pe_image_reader.cc(340)] could not read dos header from C:\Windows\system32\IMM32.DLL
[0606/061452.538:ERROR:process_memory_win.cc(73)] ReadMemory at 0x7fefe050000 of 64 bytes failed: Only part of a ReadProcessMemory or WriteProcessMemory request was completed. (0x12B)
[0606/061452.538:WARNING:pe_image_reader.cc(340)] could not read dos header from C:\Windows\system32\MSCTF.dll
[0606/061452.538:ERROR:process_memory_win.cc(73)] ReadMemory at 0x7fef9550000 of 64 bytes failed: Only part of a ReadProcessMemory or WriteProcessMemory request was completed. (0x12B)
[0606/061452.538:WARNING:pe_image_reader.cc(340)] could not read dos header from C:\Windows\system32\WINMM.dll
[0606/061452.538:ERROR:process_memory_win.cc(73)] ReadMemory at 0x7fefef90000 of 64 bytes failed: Only part of a ReadProcessMemory or WriteProcessMemory request was completed. (0x12B)
[0606/061452.538:WARNING:pe_image_reader.cc(340)] could not read dos header from C:\Windows\system32\ADVAPI32.dll
[0606/061452.539:ERROR:process_memory_win.cc(73)] ReadMemory at 0x7fefdc00000 of 64 bytes failed: Only part of a ReadProcessMemory or WriteProcessMemory request was completed. (0x12B)
[0606/061452.539:WARNING:pe_image_reader.cc(340)] could not read dos header from C:\Windows\SYSTEM32\sechost.dll
[0606/061452.539:ERROR:process_memory_win.cc(73)] ReadMemory at 0x7feff3c0000 of 64 bytes failed: Only part of a ReadProcessMemory or WriteProcessMemory request was completed. (0x12B)
[0606/061452.539:WARNING:pe_image_reader.cc(340)] could not read dos header from C:\Windows\system32\RPCRT4.dll
[0606/061452.539:ERROR:process_memory_win.cc(73)] ReadMemory at 0x7fee9d10000 of 64 bytes failed: Only part of a ReadProcessMemory or WriteProcessMemory request was completed. (0x12B)
[0606/061452.539:WARNING:pe_image_reader.cc(340)] could not read dos header from C:\Program Files (x86)\Google\Chrome\Application\83.0.4103.61\chrome.dll
[0606/061452.539:ERROR:process_memory_win.cc(73)] ReadMemory at 0x7feff510000 of 64 bytes failed: Only part of a ReadProcessMemory or WriteProcessMemory request was completed. (0x12B)
[0606/061452.539:WARNING:pe_image_reader.cc(340)] could not read dos header from C:\Windows\system32\WS2_32.dll
[0606/061452.539:ERROR:process_memory_win.cc(73)] ReadMemory at 0x7feff500000 of 64 bytes failed: Only part of a ReadProcessMemory or WriteProcessMemory request was completed. (0x12B)
[0606/061452.539:WARNING:pe_image_reader.cc(340)] could not read dos header from C:\Windows\system32\NSI.dll
[0606/061452.539:ERROR:process_memory_win.cc(73)] ReadMemory at 0x7fefb2d0000 of 64 bytes failed: Only part of a ReadProcessMemory or WriteProcessMemory request was completed. (0x12B)
[0606/061452.539:WARNING:pe_image_reader.cc(340)] could not read dos header from C:\Windows\system32\IPHLPAPI.DLL
[0606/061452.539:ERROR:process_memory_win.cc(73)] ReadMemory at 0x7fefb2b0000 of 64 bytes failed: Only part of a ReadProcessMemory or WriteProcessMemory request was completed. (0x12B)
[0606/061452.539:WARNING:pe_image_reader.cc(340)] could not read dos header from C:\Windows\system32\WINNSI.DLL
[0606/061452.539:ERROR:process_memory_win.cc(73)] ReadMemory at 0x7feff560000 of 64 bytes failed: Only part of a ReadProcessMemory or WriteProcessMemory request was completed. (0x12B)
[0606/061452.539:WARNING:pe_image_reader.cc(340)] could not read dos header from C:\Windows\system32\OLEAUT32.dll
[0606/061452.539:ERROR:process_memory_win.cc(73)] ReadMemory at 0x7fefdda0000 of 64 bytes failed: Only part of a ReadProcessMemory or WriteProcessMemory request was completed. (0x12B)
[0606/061452.540:WARNING:pe_image_reader.cc(340)] could not read dos header from C:\Windows\system32\ole32.dll
[0606/061452.540:ERROR:process_memory_win.cc(73)] ReadMemory at 0x7fefd440000 of 64 bytes failed: Only part of a ReadProcessMemory or WriteProcessMemory request was completed. (0x12B)
[0606/061452.540:WARNING:pe_image_reader.cc(340)] could not read dos header from C:\Windows\system32\Secur32.dll
[0606/061452.540:ERROR:process_memory_win.cc(73)] ReadMemory at 0x7fefd610000 of 64 bytes failed: Only part of a ReadProcessMemory or WriteProcessMemory request was completed. (0x12B)
[0606/061452.540:WARNING:pe_image_reader.cc(340)] could not read dos header from C:\Windows\system32\SSPICLI.DLL
[0606/061452.540:ERROR:process_memory_win.cc(73)] ReadMemory at 0x7fefdb60000 of 64 bytes failed: Only part of a ReadProcessMemory or WriteProcessMemory request was completed. (0x12B)
[0606/061452.540:WARNING:pe_image_reader.cc(340)] could not read dos header from C:\Windows\system32\USERENV.dll
[0606/061452.540:ERROR:process_memory_win.cc(73)] ReadMemory at 0x7fefd850000 of 64 bytes failed: Only part of a ReadProcessMemory or WriteProcessMemory request was completed. (0x12B)
[0606/061452.540:WARNING:pe_image_reader.cc(340)] could not read dos header from C:\Windows\system32\profapi.dll
[0606/061452.540:ERROR:process_memory_win.cc(73)] ReadMemory at 0x7fefdb80000 of 64 bytes failed: Only part of a ReadProcessMemory or WriteProcessMemory request was completed. (0x12B)
[0606/061452.540:WARNING:pe_image_reader.cc(340)] could not read dos header from C:\Windows\system32\WINTRUST.dll
[0606/061452.540:ERROR:process_memory_win.cc(73)] ReadMemory at 0x7fefd9f0000 of 64 bytes failed: Only part of a ReadProcessMemory or WriteProcessMemory request was completed. (0x12B)
[0606/061452.540:WARNING:pe_image_reader.cc(340)] could not read dos header from C:\Windows\system32\CRYPT32.dll
[0606/061452.540:ERROR:process_memory_win.cc(73)] ReadMemory at 0x7fefd840000 of 64 bytes failed: Only part of a ReadProcessMemory or WriteProcessMemory request was completed. (0x12B)
[0606/061452.540:WARNING:pe_image_reader.cc(340)] could not read dos header from C:\Windows\system32\MSASN1.dll
[0606/061452.541:ERROR:process_memory_win.cc(73)] ReadMemory at 0x7fef36a0000 of 64 bytes failed: Only part of a ReadProcessMemory or WriteProcessMemory request was completed. (0x12B)
[0606/061452.541:WARNING:pe_image_reader.cc(340)] could not read dos header from C:\Windows\system32\UIAutomationCore.DLL
[0606/061452.541:ERROR:process_memory_win.cc(73)] ReadMemory at 0x77c50000 of 64 bytes failed: Only part of a ReadProcessMemory or WriteProcessMemory request was completed. (0x12B)
[0606/061452.541:WARNING:pe_image_reader.cc(340)] could not read dos header from C:\Windows\system32\PSAPI.DLL
[0606/061452.541:ERROR:process_memory_win.cc(73)] ReadMemory at 0x7fef3540000 of 64 bytes failed: Only part of a ReadProcessMemory or WriteProcessMemory request was completed. (0x12B)
[0606/061452.541:WARNING:pe_image_reader.cc(340)] could not read dos header from C:\Windows\system32\OLEACC.dll
[0606/061452.541:ERROR:process_memory_win.cc(73)] ReadMemory at 0x7fef33a0000 of 64 bytes failed: Only part of a ReadProcessMemory or WriteProcessMemory request was completed. (0x12B)
[0606/061452.541:WARNING:pe_image_reader.cc(340)] could not read dos header from C:\Windows\system32\DWrite.dll
[0606/061452.541:ERROR:process_memory_win.cc(73)] ReadMemory at 0x7fefaf00000 of 64 bytes failed: Only part of a ReadProcessMemory or WriteProcessMemory request was completed. (0x12B)
[0606/061452.541:WARNING:pe_image_reader.cc(340)] could not read dos header from C:\Windows\system32\WINSPOOL.DRV
[0606/061452.541:ERROR:process_memory_win.cc(73)] ReadMemory at 0x7fef3270000 of 64 bytes failed: Only part of a ReadProcessMemory or WriteProcessMemory request was completed. (0x12B)
[0606/061452.541:WARNING:pe_image_reader.cc(340)] could not read dos header from C:\Windows\system32\dbghelp.dll
[0606/061452.541:ERROR:process_memory_win.cc(73)] ReadMemory at 0x7fefa430000 of 64 bytes failed: Only part of a ReadProcessMemory or WriteProcessMemory request was completed. (0x12B)
[0606/061452.548:WARNING:pe_image_reader.cc(340)] could not read dos header from C:\Windows\system32\WINHTTP.dll
[0606/061452.548:ERROR:process_memory_win.cc(73)] ReadMemory at 0x7fef8ef0000 of 64 bytes failed: Only part of a ReadProcessMemory or WriteProcessMemory request was completed. (0x12B)
[0606/061452.548:WARNING:pe_image_reader.cc(340)] could not read dos header from C:\Windows\system32\webio.dll
[0606/061452.549:ERROR:process_memory_win.cc(73)] ReadMemory at 0x7fefb0d0000 of 64 bytes failed: Only part of a ReadProcessMemory or WriteProcessMemory request was completed. (0x12B)
[0606/061452.549:WARNING:pe_image_reader.cc(340)] could not read dos header from C:\Windows\system32\dhcpcsvc.DLL
[0606/061452.549:ERROR:process_memory_win.cc(73)] ReadMemory at 0x7fefe200000 of 64 bytes failed: Only part of a ReadProcessMemory or WriteProcessMemory request was completed. (0x12B)
[0606/061452.549:WARNING:pe_image_reader.cc(340)] could not read dos header from C:\Windows\system32\SHELL32.dll
[0606/061452.549:ERROR:process_memory_win.cc(73)] ReadMemory at 0x7fefdc20000 of 64 bytes failed: Only part of a ReadProcessMemory or WriteProcessMemory request was completed. (0x12B)
[0606/061452.549:WARNING:pe_image_reader.cc(340)] could not read dos header from C:\Windows\system32\SHLWAPI.dll
[0606/061452.549:ERROR:process_memory_win.cc(73)] ReadMemory at 0x7fefd6e0000 of 64 bytes failed: Only part of a ReadProcessMemory or WriteProcessMemory request was completed. (0x12B)
[0606/061452.549:WARNING:pe_image_reader.cc(340)] could not read dos header from C:\Windows\system32\cryptbase.dll
[0606/061452.549:ERROR:process_memory_win.cc(73)] ReadMemory at 0x7fefc010000 of 64 bytes failed: Only part of a ReadProcessMemory or WriteProcessMemory request was completed. (0x12B)
[0606/061452.549:WARNING:pe_image_reader.cc(340)] could not read dos header from C:\Windows\system32\uxtheme.dll
[0606/061452.552:ERROR:process_memory_win.cc(73)] ReadMemory at 0x13ff50000 of 64 bytes failed: Only part of a ReadProcessMemory or WriteProcessMemory request was completed. (0x12B)
[0606/061452.552:WARNING:pe_image_reader.cc(340)] could not read dos header from C:\Program Files (x86)\Google\Chrome\Application\chrome.exe
[0606/061452.552:ERROR:process_memory_win.cc(73)] ReadMemory at 0x77a90000 of 64 bytes failed: Only part of a ReadProcessMemory or WriteProcessMemory request was completed. (0x12B)
[0606/061452.552:WARNING:pe_image_reader.cc(340)] could not read dos header from C:\Windows\SYSTEM32\ntdll.dll
[0606/061452.552:ERROR:process_memory_win.cc(73)] ReadMemory at 0x77970000 of 64 bytes failed: Only part of a ReadProcessMemory or WriteProcessMemory request was completed. (0x12B)
[0606/061452.552:WARNING:pe_image_reader.cc(340)] could not read dos header from C:\Windows\system32\kernel32.dll
[0606/061452.553:ERROR:process_memory_win.cc(73)] ReadMemory at 0x7fefd870000 of 64 bytes failed: Only part of a ReadProcessMemory or WriteProcessMemory request was completed. (0x12B)
[0606/061452.553:WARNING:pe_image_reader.cc(340)] could not read dos header from C:\Windows\system32\KERNELBASE.dll
[0606/061452.553:ERROR:process_memory_win.cc(73)] ReadMemory at 0x7fef35a0000 of 64 bytes failed: Only part of a ReadProcessMemory or WriteProcessMemory request was completed. (0x12B)
[0606/061452.553:WARNING:pe_image_reader.cc(340)] could not read dos header from C:\Program Files (x86)\Google\Chrome\Application\83.0.4103.61\chrome_elf.dll
[0606/061452.553:ERROR:process_memory_win.cc(73)] ReadMemory at 0x7fefc930000 of 64 bytes failed: Only part of a ReadProcessMemory or WriteProcessMemory request was completed. (0x12B)
[0606/061452.553:WARNING:pe_image_reader.cc(340)] could not read dos header from C:\Windows\system32\VERSION.dll
[0606/061452.553:ERROR:process_memory_win.cc(73)] ReadMemory at 0x7fefdfb0000 of 64 bytes failed: Only part of a ReadProcessMemory or WriteProcessMemory request was completed. (0x12B)
[0606/061452.553:WARNING:pe_image_reader.cc(340)] could not read dos header from C:\Windows\system32\msvcrt.dll
[0606/061452.553:ERROR:process_memory_win.cc(73)] ReadMemory at 0x7fefe160000 of 64 bytes failed: Only part of a ReadProcessMemory or WriteProcessMemory request was completed. (0x12B)
[0606/061452.553:WARNING:pe_image_reader.cc(340)] could not read dos header from C:\Windows\system32\GDI32.dll
[0606/061452.553:ERROR:process_memory_win.cc(73)] ReadMemory at 0x77870000 of 64 bytes failed: Only part of a ReadProcessMemory or WriteProcessMemory request was completed. (0x12B)
[0606/061452.553:WARNING:pe_image_reader.cc(340)] could not read dos header from C:\Windows\system32\USER32.dll
[0606/061452.553:ERROR:process_memory_win.cc(73)] ReadMemory at 0x7feff4f0000 of 64 bytes failed: Only part of a ReadProcessMemory or WriteProcessMemory request was completed. (0x12B)
[0606/061452.553:WARNING:pe_image_reader.cc(340)] could not read dos header from C:\Windows\system32\LPK.dll
[0606/061452.553:ERROR:process_memory_win.cc(73)] ReadMemory at 0x7feff2f0000 of 64 bytes failed: Only part of a ReadProcessMemory or WriteProcessMemory request was completed. (0x12B)
[0606/061452.553:WARNING:pe_image_reader.cc(340)] could not read dos header from C:\Windows\system32\USP10.dll
[0606/061452.553:ERROR:process_memory_win.cc(73)] ReadMemory at 0x7fefe1d0000 of 64 bytes failed: Only part of a ReadProcessMemory or WriteProcessMemory request was completed. (0x12B)
[0606/061452.554:WARNING:pe_image_reader.cc(340)] could not read dos header from C:\Windows\system32\IMM32.DLL
[0606/061452.554:ERROR:process_memory_win.cc(73)] ReadMemory at 0x7fefe050000 of 64 bytes failed: Only part of a ReadProcessMemory or WriteProcessMemory request was completed. (0x12B)
[0606/061452.554:WARNING:pe_image_reader.cc(340)] could not read dos header from C:\Windows\system32\MSCTF.dll
[0606/061452.554:ERROR:process_memory_win.cc(73)] ReadMemory at 0x7fef9550000 of 64 bytes failed: Only part of a ReadProcessMemory or WriteProcessMemory request was completed. (0x12B)
[0606/061452.554:WARNING:pe_image_reader.cc(340)] could not read dos header from C:\Windows\system32\WINMM.dll
[0606/061452.554:ERROR:process_memory_win.cc(73)] ReadMemory at 0x7fefef90000 of 64 bytes failed: Only part of a ReadProcessMemory or WriteProcessMemory request was completed. (0x12B)
[0606/061452.554:WARNING:pe_image_reader.cc(340)] could not read dos header from C:\Windows\system32\ADVAPI32.dll
[0606/061452.554:ERROR:process_memory_win.cc(73)] ReadMemory at 0x7fefdc00000 of 64 bytes failed: Only part of a ReadProcessMemory or WriteProcessMemory request was completed. (0x12B)
[0606/061452.554:WARNING:pe_image_reader.cc(340)] could not read dos header from C:\Windows\SYSTEM32\sechost.dll
[0606/061452.554:ERROR:process_memory_win.cc(73)] ReadMemory at 0x7feff3c0000 of 64 bytes failed: Only part of a ReadProcessMemory or WriteProcessMemory request was completed. (0x12B)
[0606/061452.554:WARNING:pe_image_reader.cc(340)] could not read dos header from C:\Windows\system32\RPCRT4.dll
[0606/061452.554:ERROR:process_memory_win.cc(73)] ReadMemory at 0x7fee9d10000 of 64 bytes failed: Only part of a ReadProcessMemory or WriteProcessMemory request was completed. (0x12B)
[0606/061452.554:WARNING:pe_image_reader.cc(340)] could not read dos header from C:\Program Files (x86)\Google\Chrome\Application\83.0.4103.61\chrome.dll
[0606/061452.554:ERROR:process_memory_win.cc(73)] ReadMemory at 0x7feff510000 of 64 bytes failed: Only part of a ReadProcessMemory or WriteProcessMemory request was completed. (0x12B)
[0606/061452.554:WARNING:pe_image_reader.cc(340)] could not read dos header from C:\Windows\system32\WS2_32.dll
[0606/061452.554:ERROR:process_memory_win.cc(73)] ReadMemory at 0x7feff500000 of 64 bytes failed: Only part of a ReadProcessMemory or WriteProcessMemory request was completed. (0x12B)
[0606/061452.554:WARNING:pe_image_reader.cc(340)] could not read dos header from C:\Windows\system32\NSI.dll
[0606/061452.555:ERROR:process_memory_win.cc(73)] ReadMemory at 0x7fefb2d0000 of 64 bytes failed: Only part of a ReadProcessMemory or WriteProcessMemory request was completed. (0x12B)
[0606/061452.555:WARNING:pe_image_reader.cc(340)] could not read dos header from C:\Windows\system32\IPHLPAPI.DLL
[0606/061452.555:ERROR:process_memory_win.cc(73)] ReadMemory at 0x7fefb2b0000 of 64 bytes failed: Only part of a ReadProcessMemory or WriteProcessMemory request was completed. (0x12B)
[0606/061452.555:WARNING:pe_image_reader.cc(340)] could not read dos header from C:\Windows\system32\WINNSI.DLL
[0606/061452.555:ERROR:process_memory_win.cc(73)] ReadMemory at 0x7feff560000 of 64 bytes failed: Only part of a ReadProcessMemory or WriteProcessMemory request was completed. (0x12B)
[0606/061452.555:WARNING:pe_image_reader.cc(340)] could not read dos header from C:\Windows\system32\OLEAUT32.dll
[0606/061452.555:ERROR:process_memory_win.cc(73)] ReadMemory at 0x7fefdda0000 of 64 bytes failed: Only part of a ReadProcessMemory or WriteProcessMemory request was completed. (0x12B)
[0606/061452.555:WARNING:pe_image_reader.cc(340)] could not read dos header from C:\Windows\system32\ole32.dll
[0606/061452.555:ERROR:process_memory_win.cc(73)] ReadMemory at 0x7fefd440000 of 64 bytes failed: Only part of a ReadProcessMemory or WriteProcessMemory request was completed. (0x12B)
[0606/061452.555:WARNING:pe_image_reader.cc(340)] could not read dos header from C:\Windows\system32\Secur32.dll
[0606/061452.555:ERROR:process_memory_win.cc(73)] ReadMemory at 0x7fefd610000 of 64 bytes failed: Only part of a ReadProcessMemory or WriteProcessMemory request was completed. (0x12B)
[0606/061452.555:WARNING:pe_image_reader.cc(340)] could not read dos header from C:\Windows\system32\SSPICLI.DLL
[0606/061452.555:ERROR:process_memory_win.cc(73)] ReadMemory at 0x7fefdb60000 of 64 bytes failed: Only part of a ReadProcessMemory or WriteProcessMemory request was completed. (0x12B)
[0606/061452.555:WARNING:pe_image_reader.cc(340)] could not read dos header from C:\Windows\system32\USERENV.dll
[0606/061452.555:ERROR:process_memory_win.cc(73)] ReadMemory at 0x7fefd850000 of 64 bytes failed: Only part of a ReadProcessMemory or WriteProcessMemory request was completed. (0x12B)
[0606/061452.556:WARNING:pe_image_reader.cc(340)] could not read dos header from C:\Windows\system32\profapi.dll
[0606/061452.556:ERROR:process_memory_win.cc(73)] ReadMemory at 0x7fefdb80000 of 64 bytes failed: Only part of a ReadProcessMemory or WriteProcessMemory request was completed. (0x12B)
[0606/061452.556:WARNING:pe_image_reader.cc(340)] could not read dos header from C:\Windows\system32\WINTRUST.dll
[0606/061452.556:ERROR:process_memory_win.cc(73)] ReadMemory at 0x7fefd9f0000 of 64 bytes failed: Only part of a ReadProcessMemory or WriteProcessMemory request was completed. (0x12B)
[0606/061452.556:WARNING:pe_image_reader.cc(340)] could not read dos header from C:\Windows\system32\CRYPT32.dll
[0606/061452.556:ERROR:process_memory_win.cc(73)] ReadMemory at 0x7fefd840000 of 64 bytes failed: Only part of a ReadProcessMemory or WriteProcessMemory request was completed. (0x12B)
[0606/061452.556:WARNING:pe_image_reader.cc(340)] could not read dos header from C:\Windows\system32\MSASN1.dll
[0606/061452.556:ERROR:process_memory_win.cc(73)] ReadMemory at 0x7fef36a0000 of 64 bytes failed: Only part of a ReadProcessMemory or WriteProcessMemory request was completed. (0x12B)
[0606/061452.556:WARNING:pe_image_reader.cc(340)] could not read dos header from C:\Windows\system32\UIAutomationCore.DLL
[0606/061452.556:ERROR:process_memory_win.cc(73)] ReadMemory at 0x77c50000 of 64 bytes failed: Only part of a ReadProcessMemory or WriteProcessMemory request was completed. (0x12B)
[0606/061452.556:WARNING:pe_image_reader.cc(340)] could not read dos header from C:\Windows\system32\PSAPI.DLL
[0606/061452.556:ERROR:process_memory_win.cc(73)] ReadMemory at 0x7fef3540000 of 64 bytes failed: Only part of a ReadProcessMemory or WriteProcessMemory request was completed. (0x12B)
[0606/061452.556:WARNING:pe_image_reader.cc(340)] could not read dos header from C:\Windows\system32\OLEACC.dll
[0606/061452.556:ERROR:process_memory_win.cc(73)] ReadMemory at 0x7fef33a0000 of 64 bytes failed: Only part of a ReadProcessMemory or WriteProcessMemory request was completed. (0x12B)
[0606/061452.556:WARNING:pe_image_reader.cc(340)] could not read dos header from C:\Windows\system32\DWrite.dll
[0606/061452.556:ERROR:process_memory_win.cc(73)] ReadMemory at 0x7fefaf00000 of 64 bytes failed: Only part of a ReadProcessMemory or WriteProcessMemory request was completed. (0x12B)
[0606/061452.557:WARNING:pe_image_reader.cc(340)] could not read dos header from C:\Windows\system32\WINSPOOL.DRV
[0606/061452.557:ERROR:process_memory_win.cc(73)] ReadMemory at 0x7fef3270000 of 64 bytes failed: Only part of a ReadProcessMemory or WriteProcessMemory request was completed. (0x12B)
[0606/061452.557:WARNING:pe_image_reader.cc(340)] could not read dos header from C:\Windows\system32\dbghelp.dll
[0606/061452.557:ERROR:process_memory_win.cc(73)] ReadMemory at 0x7fefa430000 of 64 bytes failed: Only part of a ReadProcessMemory or WriteProcessMemory request was completed. (0x12B)
[0606/061452.557:WARNING:pe_image_reader.cc(340)] could not read dos header from C:\Windows\system32\WINHTTP.dll
[0606/061452.557:ERROR:process_memory_win.cc(73)] ReadMemory at 0x7fef8ef0000 of 64 bytes failed: Only part of a ReadProcessMemory or WriteProcessMemory request was completed. (0x12B)
[0606/061452.557:WARNING:pe_image_reader.cc(340)] could not read dos header from C:\Windows\system32\webio.dll
[0606/061452.557:ERROR:process_memory_win.cc(73)] ReadMemory at 0x7fefb0d0000 of 64 bytes failed: Only part of a ReadProcessMemory or WriteProcessMemory request was completed. (0x12B)
[0606/061452.557:WARNING:pe_image_reader.cc(340)] could not read dos header from C:\Windows\system32\dhcpcsvc.DLL
[0606/061452.557:ERROR:process_memory_win.cc(73)] ReadMemory at 0x7fefe200000 of 64 bytes failed: Only part of a ReadProcessMemory or WriteProcessMemory request was completed. (0x12B)
[0606/061452.557:WARNING:pe_image_reader.cc(340)] could not read dos header from C:\Windows\system32\SHELL32.dll
[0606/061452.557:ERROR:process_memory_win.cc(73)] ReadMemory at 0x7fefdc20000 of 64 bytes failed: Only part of a ReadProcessMemory or WriteProcessMemory request was completed. (0x12B)
[0606/061452.557:WARNING:pe_image_reader.cc(340)] could not read dos header from C:\Windows\system32\SHLWAPI.dll
[0606/061452.557:ERROR:process_memory_win.cc(73)] ReadMemory at 0x7fefd6e0000 of 64 bytes failed: Only part of a ReadProcessMemory or WriteProcessMemory request was completed. (0x12B)
[0606/061452.557:WARNING:pe_image_reader.cc(340)] could not read dos header from C:\Windows\system32\cryptbase.dll
[0606/061452.557:ERROR:process_memory_win.cc(73)] ReadMemory at 0x7fefc010000 of 64 bytes failed: Only part of a ReadProcessMemory or WriteProcessMemory request was completed. (0x12B)
[0606/061452.558:WARNING:pe_image_reader.cc(340)] could not read dos header from C:\Windows\system32\uxtheme.dll
[0606/061452.558:ERROR:process_memory_win.cc(73)] ReadMemory at 0x13ff50000 of 64 bytes failed: Only part of a ReadProcessMemory or WriteProcessMemory request was completed. (0x12B)
[0606/061452.558:WARNING:pe_image_reader.cc(340)] could not read dos header from C:\Program Files (x86)\Google\Chrome\Application\chrome.exe
[0606/061452.558:ERROR:process_memory_win.cc(73)] ReadMemory at 0x77a90000 of 64 bytes failed: Only part of a ReadProcessMemory or WriteProcessMemory request was completed. (0x12B)
[0606/061452.558:WARNING:pe_image_reader.cc(340)] could not read dos header from C:\Windows\SYSTEM32\ntdll.dll
[0606/061452.558:ERROR:process_memory_win.cc(73)] ReadMemory at 0x77970000 of 64 bytes failed: Only part of a ReadProcessMemory or WriteProcessMemory request was completed. (0x12B)
[0606/061452.558:WARNING:pe_image_reader.cc(340)] could not read dos header from C:\Windows\system32\kernel32.dll
[0606/061452.558:ERROR:process_memory_win.cc(73)] ReadMemory at 0x7fefd870000 of 64 bytes failed: Only part of a ReadProcessMemory or WriteProcessMemory request was completed. (0x12B)
[0606/061452.558:WARNING:pe_image_reader.cc(340)] could not read dos header from C:\Windows\system32\KERNELBASE.dll
[0606/061452.558:ERROR:process_memory_win.cc(73)] ReadMemory at 0x7fef35a0000 of 64 bytes failed: Only part of a ReadProcessMemory or WriteProcessMemory request was completed. (0x12B)
[0606/061452.558:WARNING:pe_image_reader.cc(340)] could not read dos header from C:\Program Files (x86)\Google\Chrome\Application\83.0.4103.61\chrome_elf.dll
[0606/061452.558:ERROR:process_memory_win.cc(73)] ReadMemory at 0x7fefc930000 of 64 bytes failed: Only part of a ReadProcessMemory or WriteProcessMemory request was completed. (0x12B)
[0606/061452.558:WARNING:pe_image_reader.cc(340)] could not read dos header from C:\Windows\system32\VERSION.dll
[0606/061452.558:ERROR:process_memory_win.cc(73)] ReadMemory at 0x7fefdfb0000 of 64 bytes failed: Only part of a ReadProcessMemory or WriteProcessMemory request was completed. (0x12B)
[0606/061452.558:WARNING:pe_image_reader.cc(340)] could not read dos header from C:\Windows\system32\msvcrt.dll
[0606/061452.558:ERROR:process_memory_win.cc(73)] ReadMemory at 0x7fefe160000 of 64 bytes failed: Only part of a ReadProcessMemory or WriteProcessMemory request was completed. (0x12B)
[0606/061452.558:WARNING:pe_image_reader.cc(340)] could not read dos header from C:\Windows\system32\GDI32.dll
[0606/061452.559:ERROR:process_memory_win.cc(73)] ReadMemory at 0x77870000 of 64 bytes failed: Only part of a ReadProcessMemory or WriteProcessMemory request was completed. (0x12B)
[0606/061452.559:WARNING:pe_image_reader.cc(340)] could not read dos header from C:\Windows\system32\USER32.dll
[0606/061452.559:ERROR:process_memory_win.cc(73)] ReadMemory at 0x7feff4f0000 of 64 bytes failed: Only part of a ReadProcessMemory or WriteProcessMemory request was completed. (0x12B)
[0606/061452.559:WARNING:pe_image_reader.cc(340)] could not read dos header from C:\Windows\system32\LPK.dll
[0606/061452.559:ERROR:process_memory_win.cc(73)] ReadMemory at 0x7feff2f0000 of 64 bytes failed: Only part of a ReadProcessMemory or WriteProcessMemory request was completed. (0x12B)
[0606/061452.559:WARNING:pe_image_reader.cc(340)] could not read dos header from C:\Windows\system32\USP10.dll
[0606/061452.559:ERROR:process_memory_win.cc(73)] ReadMemory at 0x7fefe1d0000 of 64 bytes failed: Only part of a ReadProcessMemory or WriteProcessMemory request was completed. (0x12B)
[0606/061452.559:WARNING:pe_image_reader.cc(340)] could not read dos header from C:\Windows\system32\IMM32.DLL
[0606/061452.559:ERROR:process_memory_win.cc(73)] ReadMemory at 0x7fefe050000 of 64 bytes failed: Only part of a ReadProcessMemory or WriteProcessMemory request was completed. (0x12B)
[0606/061452.559:WARNING:pe_image_reader.cc(340)] could not read dos header from C:\Windows\system32\MSCTF.dll
[0606/061452.559:ERROR:process_memory_win.cc(73)] ReadMemory at 0x7fef9550000 of 64 bytes failed: Only part of a ReadProcessMemory or WriteProcessMemory request was completed. (0x12B)
[0606/061452.559:WARNING:pe_image_reader.cc(340)] could not read dos header from C:\Windows\system32\WINMM.dll
[0606/061452.559:ERROR:process_memory_win.cc(73)] ReadMemory at 0x7fefef90000 of 64 bytes failed: Only part of a ReadProcessMemory or WriteProcessMemory request was completed. (0x12B)
[0606/061452.560:WARNING:pe_image_reader.cc(340)] could not read dos header from C:\Windows\system32\ADVAPI32.dll
[0606/061452.560:ERROR:process_memory_win.cc(73)] ReadMemory at 0x7fefdc00000 of 64 bytes failed: Only part of a ReadProcessMemory or WriteProcessMemory request was completed. (0x12B)
[0606/061452.560:WARNING:pe_image_reader.cc(340)] could not read dos header from C:\Windows\SYSTEM32\sechost.dll
[0606/061452.560:ERROR:process_memory_win.cc(73)] ReadMemory at 0x7feff3c0000 of 64 bytes failed: Only part of a ReadProcessMemory or WriteProcessMemory request was completed. (0x12B)
[0606/061452.560:WARNING:pe_image_reader.cc(340)] could not read dos header from C:\Windows\system32\RPCRT4.dll
[0606/061452.560:ERROR:process_memory_win.cc(73)] ReadMemory at 0x7fee9d10000 of 64 bytes failed: Only part of a ReadProcessMemory or WriteProcessMemory request was completed. (0x12B)
[0606/061452.560:WARNING:pe_image_reader.cc(340)] could not read dos header from C:\Program Files (x86)\Google\Chrome\Application\83.0.4103.61\chrome.dll
[0606/061452.560:ERROR:process_memory_win.cc(73)] ReadMemory at 0x7feff510000 of 64 bytes failed: Only part of a ReadProcessMemory or WriteProcessMemory request was completed. (0x12B)
[0606/061452.560:WARNING:pe_image_reader.cc(340)] could not read dos header from C:\Windows\system32\WS2_32.dll
[0606/061452.560:ERROR:process_memory_win.cc(73)] ReadMemory at 0x7feff500000 of 64 bytes failed: Only part of a ReadProcessMemory or WriteProcessMemory request was completed. (0x12B)
[0606/061452.560:WARNING:pe_image_reader.cc(340)] could not read dos header from C:\Windows\system32\NSI.dll
[0606/061452.560:ERROR:process_memory_win.cc(73)] ReadMemory at 0x7fefb2d0000 of 64 bytes failed: Only part of a ReadProcessMemory or WriteProcessMemory request was completed. (0x12B)
[0606/061452.560:WARNING:pe_image_reader.cc(340)] could not read dos header from C:\Windows\system32\IPHLPAPI.DLL
[0606/061452.560:ERROR:process_memory_win.cc(73)] ReadMemory at 0x7fefb2b0000 of 64 bytes failed: Only part of a ReadProcessMemory or WriteProcessMemory request was completed. (0x12B)
[0606/061452.560:WARNING:pe_image_reader.cc(340)] could not read dos header from C:\Windows\system32\WINNSI.DLL
[0606/061452.560:ERROR:process_memory_win.cc(73)] ReadMemory at 0x7feff560000 of 64 bytes failed: Only part of a ReadProcessMemory or WriteProcessMemory request was completed. (0x12B)
[0606/061452.560:WARNING:pe_image_reader.cc(340)] could not read dos header from C:\Windows\system32\OLEAUT32.dll
[0606/061452.561:ERROR:process_memory_win.cc(73)] ReadMemory at 0x7fefdda0000 of 64 bytes failed: Only part of a ReadProcessMemory or WriteProcessMemory request was completed. (0x12B)
[0606/061452.561:WARNING:pe_image_reader.cc(340)] could not read dos header from C:\Windows\system32\ole32.dll
[0606/061452.561:ERROR:process_memory_win.cc(73)] ReadMemory at 0x7fefd440000 of 64 bytes failed: Only part of a ReadProcessMemory or WriteProcessMemory request was completed. (0x12B)
[0606/061452.561:WARNING:pe_image_reader.cc(340)] could not read dos header from C:\Windows\system32\Secur32.dll
[0606/061452.561:ERROR:process_memory_win.cc(73)] ReadMemory at 0x7fefd610000 of 64 bytes failed: Only part of a ReadProcessMemory or WriteProcessMemory request was completed. (0x12B)
[0606/061452.561:WARNING:pe_image_reader.cc(340)] could not read dos header from C:\Windows\system32\SSPICLI.DLL
[0606/061452.561:ERROR:process_memory_win.cc(73)] ReadMemory at 0x7fefdb60000 of 64 bytes failed: Only part of a ReadProcessMemory or WriteProcessMemory request was completed. (0x12B)
[0606/061452.561:WARNING:pe_image_reader.cc(340)] could not read dos header from C:\Windows\system32\USERENV.dll
[0606/061452.561:ERROR:process_memory_win.cc(73)] ReadMemory at 0x7fefd850000 of 64 bytes failed: Only part of a ReadProcessMemory or WriteProcessMemory request was completed. (0x12B)
[0606/061452.561:WARNING:pe_image_reader.cc(340)] could not read dos header from C:\Windows\system32\profapi.dll
[0606/061452.561:ERROR:process_memory_win.cc(73)] ReadMemory at 0x7fefdb80000 of 64 bytes failed: Only part of a ReadProcessMemory or WriteProcessMemory request was completed. (0x12B)
[0606/061452.561:WARNING:pe_image_reader.cc(340)] could not read dos header from C:\Windows\system32\WINTRUST.dll
[0606/061452.561:ERROR:process_memory_win.cc(73)] ReadMemory at 0x7fefd9f0000 of 64 bytes failed: Only part of a ReadProcessMemory or WriteProcessMemory request was completed. (0x12B)
[0606/061452.561:WARNING:pe_image_reader.cc(340)] could not read dos header from C:\Windows\system32\CRYPT32.dll
[0606/061452.561:ERROR:process_memory_win.cc(73)] ReadMemory at 0x7fefd840000 of 64 bytes failed: Only part of a ReadProcessMemory or WriteProcessMemory request was completed. (0x12B)
[0606/061452.561:WARNING:pe_image_reader.cc(340)] could not read dos header from C:\Windows\system32\MSASN1.dll
[0606/061452.561:ERROR:process_memory_win.cc(73)] ReadMemory at 0x7fef36a0000 of 64 bytes failed: Only part of a ReadProcessMemory or WriteProcessMemory request was completed. (0x12B)
[0606/061452.562:WARNING:pe_image_reader.cc(340)] could not read dos header from C:\Windows\system32\UIAutomationCore.DLL
[0606/061452.562:ERROR:process_memory_win.cc(73)] ReadMemory at 0x77c50000 of 64 bytes failed: Only part of a ReadProcessMemory or WriteProcessMemory request was completed. (0x12B)
[0606/061452.562:WARNING:pe_image_reader.cc(340)] could not read dos header from C:\Windows\system32\PSAPI.DLL
[0606/061452.562:ERROR:process_memory_win.cc(73)] ReadMemory at 0x7fef3540000 of 64 bytes failed: Only part of a ReadProcessMemory or WriteProcessMemory request was completed. (0x12B)
[0606/061452.562:WARNING:pe_image_reader.cc(340)] could not read dos header from C:\Windows\system32\OLEACC.dll
[0606/061452.562:ERROR:process_memory_win.cc(73)] ReadMemory at 0x7fef33a0000 of 64 bytes failed: Only part of a ReadProcessMemory or WriteProcessMemory request was completed. (0x12B)
[0606/061452.562:WARNING:pe_image_reader.cc(340)] could not read dos header from C:\Windows\system32\DWrite.dll
[0606/061452.562:ERROR:process_memory_win.cc(73)] ReadMemory at 0x7fefaf00000 of 64 bytes failed: Only part of a ReadProcessMemory or WriteProcessMemory request was completed. (0x12B)
[0606/061452.562:WARNING:pe_image_reader.cc(340)] could not read dos header from C:\Windows\system32\WINSPOOL.DRV
[0606/061452.562:ERROR:process_memory_win.cc(73)] ReadMemory at 0x7fef3270000 of 64 bytes failed: Only part of a ReadProcessMemory or WriteProcessMemory request was completed. (0x12B)
[0606/061452.562:WARNING:pe_image_reader.cc(340)] could not read dos header from C:\Windows\system32\dbghelp.dll
[0606/061452.562:ERROR:process_memory_win.cc(73)] ReadMemory at 0x7fefa430000 of 64 bytes failed: Only part of a ReadProcessMemory or WriteProcessMemory request was completed. (0x12B)
[0606/061452.562:WARNING:pe_image_reader.cc(340)] could not read dos header from C:\Windows\system32\WINHTTP.dll
[0606/061452.562:ERROR:process_memory_win.cc(73)] ReadMemory at 0x7fef8ef0000 of 64 bytes failed: Only part of a ReadProcessMemory or WriteProcessMemory request was completed. (0x12B)
[0606/061452.562:WARNING:pe_image_reader.cc(340)] could not read dos header from C:\Windows\system32\webio.dll
[0606/061452.562:ERROR:process_memory_win.cc(73)] ReadMemory at 0x7fefb0d0000 of 64 bytes failed: Only part of a ReadProcessMemory or WriteProcessMemory request was completed. (0x12B)
[0606/061452.562:WARNING:pe_image_reader.cc(340)] could not read dos header from C:\Windows\system32\dhcpcsvc.DLL
[0606/061452.563:ERROR:process_memory_win.cc(73)] ReadMemory at 0x7fefe200000 of 64 bytes failed: Only part of a ReadProcessMemory or WriteProcessMemory request was completed. (0x12B)
[0606/061452.563:WARNING:pe_image_reader.cc(340)] could not read dos header from C:\Windows\system32\SHELL32.dll
[0606/061452.563:ERROR:process_memory_win.cc(73)] ReadMemory at 0x7fefdc20000 of 64 bytes failed: Only part of a ReadProcessMemory or WriteProcessMemory request was completed. (0x12B)
[0606/061452.563:WARNING:pe_image_reader.cc(340)] could not read dos header from C:\Windows\system32\SHLWAPI.dll
[0606/061452.563:ERROR:process_memory_win.cc(73)] ReadMemory at 0x7fefd6e0000 of 64 bytes failed: Only part of a ReadProcessMemory or WriteProcessMemory request was completed. (0x12B)
[0606/061452.563:WARNING:pe_image_reader.cc(340)] could not read dos header from C:\Windows\system32\cryptbase.dll
[0606/061452.563:ERROR:process_memory_win.cc(73)] ReadMemory at 0x7fefc010000 of 64 bytes failed: Only part of a ReadProcessMemory or WriteProcessMemory request was completed. (0x12B)
[0606/061452.563:WARNING:pe_image_reader.cc(340)] could not read dos header from C:\Windows\system32\uxtheme.dll
[0606/061452.580:ERROR:process_memory_win.cc(73)] ReadMemory at 0x916000 of 106496 bytes failed: Only part of a ReadProcessMemory or WriteProcessMemory request was completed. (0x12B)
[0606/061452.580:ERROR:process_memory_win.cc(73)] ReadMemory at 0x3b7d000 of 12288 bytes failed: Only part of a ReadProcessMemory or WriteProcessMemory request was completed. (0x12B)
[0606/061452.580:ERROR:process_memory_win.cc(73)] ReadMemory at 0x43a7000 of 36864 bytes failed: Only part of a ReadProcessMemory or WriteProcessMemory request was completed. (0x12B)
[0606/061452.580:ERROR:process_memory_win.cc(73)] ReadMemory at 0x4c0c000 of 16384 bytes failed: Only part of a ReadProcessMemory or WriteProcessMemory request was completed. (0x12B)
[0606/061452.581:ERROR:process_memory_win.cc(73)] ReadMemory at 0x556c000 of 16384 bytes failed: Only part of a ReadProcessMemory or WriteProcessMemory request was completed. (0x12B)
[0606/061452.581:ERROR:process_memory_win.cc(73)] ReadMemory at 0x5ecf000 of 4096 bytes failed: Only part of a ReadProcessMemory or WriteProcessMemory request was completed. (0x12B)
[0606/061452.581:ERROR:process_memory_win.cc(73)] ReadMemory at 0x677e000 of 8192 bytes failed: Only part of a ReadProcessMemory or WriteProcessMemory request was completed. (0x12B)
[0606/061452.581:ERROR:process_memory_win.cc(73)] ReadMemory at 0x714d000 of 12288 bytes failed: Only part of a ReadProcessMemory or WriteProcessMemory request was completed. (0x12B)
[0606/061452.581:ERROR:process_memory_win.cc(73)] ReadMemory at 0x7c3b000 of 20480 bytes failed: Only part of a ReadProcessMemory or WriteProcessMemory request was completed. (0x12B)
[0606/061452.581:ERROR:process_memory_win.cc(73)] ReadMemory at 0x862b000 of 20480 bytes failed: Only part of a ReadProcessMemory or WriteProcessMemory request was completed. (0x12B)
[0606/061452.581:ERROR:process_memory_win.cc(73)] ReadMemory at 0x985a000 of 24576 bytes failed: Only part of a ReadProcessMemory or WriteProcessMemory request was completed. (0x12B)
[0606/061452.581:ERROR:process_memory_win.cc(73)] ReadMemory at 0xa18b000 of 20480 bytes failed: Only part of a ReadProcessMemory or WriteProcessMemory request was completed. (0x12B)
[0606/061452.582:ERROR:process_memory_win.cc(73)] ReadMemory at 0xab17000 of 36864 bytes failed: Only part of a ReadProcessMemory or WriteProcessMemory request was completed. (0x12B)
[0606/061452.582:ERROR:process_memory_win.cc(73)] ReadMemory at 0x1da6d000 of 12288 bytes failed: Only part of a ReadProcessMemory or WriteProcessMemory request was completed. (0x12B)
[0606/061452.582:ERROR:process_memory_win.cc(73)] ReadMemory at 0x40000 of 384 bytes failed: Only part of a ReadProcessMemory or WriteProcessMemory request was completed. (0x12B)
[0606/061452.582:ERROR:process_memory_win.cc(73)] ReadMemory at 0x9b1320 of 3694 bytes failed: Only part of a ReadProcessMemory or WriteProcessMemory request was completed. (0x12B)
[0606/061452.582:ERROR:process_memory_win.cc(73)] ReadMemory at 0x9b21a0 of 1012 bytes failed: Only part of a ReadProcessMemory or WriteProcessMemory request was completed. (0x12B)
[0606/061452.582:ERROR:process_memory_win.cc(73)] ReadMemory at 0x9b27a8 of 1128 bytes failed: Only part of a ReadProcessMemory or WriteProcessMemory request was completed. (0x12B)
[0606/061452.582:ERROR:process_memory_win.cc(73)] ReadMemory at 0x9b2c12 of 118 bytes failed: Only part of a ReadProcessMemory or WriteProcessMemory request was completed. (0x12B)
[0606/061452.582:ERROR:process_memory_win.cc(73)] ReadMemory at 0x9b2c8a of 1152 bytes failed: Only part of a ReadProcessMemory or WriteProcessMemory request was completed. (0x12B)
[0606/061452.583:ERROR:process_memory_win.cc(73)] ReadMemory at 0x9b310c of 118 bytes failed: Only part of a ReadProcessMemory or WriteProcessMemory request was completed. (0x12B)
[0606/061452.583:ERROR:process_memory_win.cc(73)] ReadMemory at 0x9b3184 of 96 bytes failed: Only part of a ReadProcessMemory or WriteProcessMemory request was completed. (0x12B)
[0606/061452.583:ERROR:process_memory_win.cc(73)] ReadMemory at 0x9b31f0 of 58 bytes failed: Only part of a ReadProcessMemory or WriteProcessMemory request was completed. (0x12B)
[0606/061452.583:ERROR:process_memory_win.cc(73)] ReadMemory at 0x9b3280 of 132 bytes failed: Only part of a ReadProcessMemory or WriteProcessMemory request was completed. (0x12B)
[0606/061452.583:ERROR:process_memory_win.cc(73)] ReadMemory at 0x9b3370 of 132 bytes failed: Only part of a ReadProcessMemory or WriteProcessMemory request was completed. (0x12B)
[0606/061452.583:ERROR:process_memory_win.cc(73)] ReadMemory at 0x9b3488 of 124 bytes failed: Only part of a ReadProcessMemory or WriteProcessMemory request was completed. (0x12B)
[0606/061452.583:ERROR:process_memory_win.cc(73)] ReadMemory at 0x9b3770 of 64 bytes failed: Only part of a ReadProcessMemory or WriteProcessMemory request was completed. (0x12B)
[0606/061452.583:ERROR:process_memory_win.cc(73)] ReadMemory at 0x9b37c0 of 132 bytes failed: Only part of a ReadProcessMemory or WriteProcessMemory request was completed. (0x12B)
[0606/061452.583:ERROR:process_memory_win.cc(73)] ReadMemory at 0x9b38e0 of 68 bytes failed: Only part of a ReadProcessMemory or WriteProcessMemory request was completed. (0x12B)
[0606/061452.584:ERROR:process_memory_win.cc(73)] ReadMemory at 0x9b3930 of 132 bytes failed: Only part of a ReadProcessMemory or WriteProcessMemory request was completed. (0x12B)
[0606/061452.584:ERROR:process_memory_win.cc(73)] ReadMemory at 0x9b4b60 of 152 bytes failed: Only part of a ReadProcessMemory or WriteProcessMemory request was completed. (0x12B)
[0606/061452.584:ERROR:process_memory_win.cc(73)] ReadMemory at 0x9b4c10 of 132 bytes failed: Only part of a ReadProcessMemory or WriteProcessMemory request was completed. (0x12B)
[0606/061452.584:ERROR:process_memory_win.cc(73)] ReadMemory at 0x9b5410 of 60 bytes failed: Only part of a ReadProcessMemory or WriteProcessMemory request was completed. (0x12B)
[0606/061452.584:ERROR:process_memory_win.cc(73)] ReadMemory at 0x9b5460 of 132 bytes failed: Only part of a ReadProcessMemory or WriteProcessMemory request was completed. (0x12B)
[0606/061452.584:ERROR:process_memory_win.cc(73)] ReadMemory at 0x9b56e0 of 62 bytes failed: Only part of a ReadProcessMemory or WriteProcessMemory request was completed. (0x12B)
[0606/061452.584:ERROR:process_memory_win.cc(73)] ReadMemory at 0x9b5730 of 132 bytes failed: Only part of a ReadProcessMemory or WriteProcessMemory request was completed. (0x12B)
[0606/061452.584:ERROR:process_memory_win.cc(73)] ReadMemory at 0x9daa80 of 132 bytes failed: Only part of a ReadProcessMemory or WriteProcessMemory request was completed. (0x12B)
[0606/061452.584:ERROR:process_memory_win.cc(73)] ReadMemory at 0x9dab70 of 80 bytes failed: Only part of a ReadProcessMemory or WriteProcessMemory request was completed. (0x12B)
[0606/061452.584:ERROR:process_memory_win.cc(73)] ReadMemory at 0x9dabd0 of 60 bytes failed: Only part of a ReadProcessMemory or WriteProcessMemory request was completed. (0x12B)
[0606/061452.585:ERROR:process_memory_win.cc(73)] ReadMemory at 0x9dcd70 of 54 bytes failed: Only part of a ReadProcessMemory or WriteProcessMemory request was completed. (0x12B)
[0606/061452.585:ERROR:process_memory_win.cc(73)] ReadMemory at 0x9dd340 of 132 bytes failed: Only part of a ReadProcessMemory or WriteProcessMemory request was completed. (0x12B)
[0606/061452.585:ERROR:process_memory_win.cc(73)] ReadMemory at 0x9dd430 of 144 bytes failed: Only part of a ReadProcessMemory or WriteProcessMemory request was completed. (0x12B)
[0606/061452.585:ERROR:process_memory_win.cc(73)] ReadMemory at 0x9dd520 of 58 bytes failed: Only part of a ReadProcessMemory or WriteProcessMemory request was completed. (0x12B)
[0606/061452.585:ERROR:process_memory_win.cc(73)] ReadMemory at 0x9dd570 of 132 bytes failed: Only part of a ReadProcessMemory or WriteProcessMemory request was completed. (0x12B)
[0606/061452.585:ERROR:process_memory_win.cc(73)] ReadMemory at 0x9dd660 of 132 bytes failed: Only part of a ReadProcessMemory or WriteProcessMemory request was completed. (0x12B)
[0606/061452.585:ERROR:process_memory_win.cc(73)] ReadMemory at 0x9dd750 of 132 bytes failed: Only part of a ReadProcessMemory or WriteProcessMemory request was completed. (0x12B)
[0606/061452.585:ERROR:process_memory_win.cc(73)] ReadMemory at 0x9dd840 of 132 bytes failed: Only part of a ReadProcessMemory or WriteProcessMemory request was completed. (0x12B)
[0606/061452.585:ERROR:process_memory_win.cc(73)] ReadMemory at 0x9dd960 of 58 bytes failed: Only part of a ReadProcessMemory or WriteProcessMemory request was completed. (0x12B)
[0606/061452.585:ERROR:process_memory_win.cc(73)] ReadMemory at 0x9dd9b0 of 58 bytes failed: Only part of a ReadProcessMemory or WriteProcessMemory request was completed. (0x12B)
[0606/061452.586:ERROR:process_memory_win.cc(73)] ReadMemory at 0x9dda00 of 58 bytes failed: Only part of a ReadProcessMemory or WriteProcessMemory request was completed. (0x12B)
[0606/061452.586:ERROR:process_memory_win.cc(73)] ReadMemory at 0x9dda50 of 58 bytes failed: Only part of a ReadProcessMemory or WriteProcessMemory request was completed. (0x12B)
[0606/061452.586:ERROR:process_memory_win.cc(73)] ReadMemory at 0x9ddaa0 of 64 bytes failed: Only part of a ReadProcessMemory or WriteProcessMemory request was completed. (0x12B)
[0606/061452.586:ERROR:process_memory_win.cc(73)] ReadMemory at 0x9ddaf0 of 62 bytes failed: Only part of a ReadProcessMemory or WriteProcessMemory request was completed. (0x12B)
[0606/061452.586:ERROR:process_memory_win.cc(73)] ReadMemory at 0x9ddb40 of 60 bytes failed: Only part of a ReadProcessMemory or WriteProcessMemory request was completed. (0x12B)
[0606/061452.586:ERROR:process_memory_win.cc(73)] ReadMemory at 0x9ddb90 of 60 bytes failed: Only part of a ReadProcessMemory or WriteProcessMemory request was completed. (0x12B)
[0606/061452.586:ERROR:process_memory_win.cc(73)] ReadMemory at 0x9ddbe0 of 64 bytes failed: Only part of a ReadProcessMemory or WriteProcessMemory request was completed. (0x12B)
[0606/061452.586:ERROR:process_memory_win.cc(73)] ReadMemory at 0x9ddc30 of 60 bytes failed: Only part of a ReadProcessMemory or WriteProcessMemory request was completed. (0x12B)
[0606/061452.586:ERROR:process_memory_win.cc(73)] ReadMemory at 0x9ddc80 of 64 bytes failed: Only part of a ReadProcessMemory or WriteProcessMemory request was completed. (0x12B)
[0606/061452.586:ERROR:process_memory_win.cc(73)] ReadMemory at 0x9ddcd0 of 58 bytes failed: Only part of a ReadProcessMemory or WriteProcessMemory request was completed. (0x12B)
[0606/061452.587:ERROR:process_memory_win.cc(73)] ReadMemory at 0x9ddd20 of 62 bytes failed: Only part of a ReadProcessMemory or WriteProcessMemory request was completed. (0x12B)
[0606/061452.587:ERROR:process_memory_win.cc(73)] ReadMemory at 0x9ddd70 of 62 bytes failed: Only part of a ReadProcessMemory or WriteProcessMemory request was completed. (0x12B)
[0606/061452.587:ERROR:process_memory_win.cc(73)] ReadMemory at 0x9dddc0 of 62 bytes failed: Only part of a ReadProcessMemory or WriteProcessMemory request was completed. (0x12B)
[0606/061452.587:ERROR:process_memory_win.cc(73)] ReadMemory at 0x9dde10 of 62 bytes failed: Only part of a ReadProcessMemory or WriteProcessMemory request was completed. (0x12B)
[0606/061452.587:ERROR:process_memory_win.cc(73)] ReadMemory at 0x9dde60 of 64 bytes failed: Only part of a ReadProcessMemory or WriteProcessMemory request was completed. (0x12B)
[0606/061452.587:ERROR:process_memory_win.cc(73)] ReadMemory at 0x9ddeb0 of 62 bytes failed: Only part of a ReadProcessMemory or WriteProcessMemory request was completed. (0x12B)
[0606/061452.587:ERROR:process_memory_win.cc(73)] ReadMemory at 0x9ddf00 of 60 bytes failed: Only part of a ReadProcessMemory or WriteProcessMemory request was completed. (0x12B)
[0606/061452.587:ERROR:process_memory_win.cc(73)] ReadMemory at 0x9ddf50 of 58 bytes failed: Only part of a ReadProcessMemory or WriteProcessMemory request was completed. (0x12B)
[0606/061452.587:ERROR:process_memory_win.cc(73)] ReadMemory at 0x9ddfa0 of 60 bytes failed: Only part of a ReadProcessMemory or WriteProcessMemory request was completed. (0x12B)
[0606/061452.587:ERROR:process_memory_win.cc(73)] ReadMemory at 0x9ddff0 of 60 bytes failed: Only part of a ReadProcessMemory or WriteProcessMemory request was completed. (0x12B)
[0606/061452.587:ERROR:process_memory_win.cc(73)] ReadMemory at 0x9de040 of 64 bytes failed: Only part of a ReadProcessMemory or WriteProcessMemory request was completed. (0x12B)
[0606/061452.588:ERROR:process_memory_win.cc(73)] ReadMemory at 0x9de090 of 62 bytes failed: Only part of a ReadProcessMemory or WriteProcessMemory request was completed. (0x12B)
[0606/061452.588:ERROR:process_memory_win.cc(73)] ReadMemory at 0x9de0e0 of 62 bytes failed: Only part of a ReadProcessMemory or WriteProcessMemory request was completed. (0x12B)
[0606/061452.588:ERROR:process_memory_win.cc(73)] ReadMemory at 0x9de130 of 58 bytes failed: Only part of a ReadProcessMemory or WriteProcessMemory request was completed. (0x12B)
[0606/061452.588:ERROR:process_memory_win.cc(73)] ReadMemory at 0x9de180 of 64 bytes failed: Only part of a ReadProcessMemory or WriteProcessMemory request was completed. (0x12B)
[0606/061452.588:ERROR:process_memory_win.cc(73)] ReadMemory at 0x9de930 of 132 bytes failed: Only part of a ReadProcessMemory or WriteProcessMemory request was completed. (0x12B)
[0606/061452.588:ERROR:process_memory_win.cc(73)] ReadMemory at 0x9dea20 of 132 bytes failed: Only part of a ReadProcessMemory or WriteProcessMemory request was completed. (0x12B)
[0606/061452.588:ERROR:process_memory_win.cc(73)] ReadMemory at 0x9dec50 of 132 bytes failed: Only part of a ReadProcessMemory or WriteProcessMemory request was completed. (0x12B)
[0606/061452.588:ERROR:process_memory_win.cc(73)] ReadMemory at 0x9e0690 of 54 bytes failed: Only part of a ReadProcessMemory or WriteProcessMemory request was completed. (0x12B)
[0606/061452.588:ERROR:process_memory_win.cc(73)] ReadMemory at 0x9e1810 of 132 bytes failed: Only part of a ReadProcessMemory or WriteProcessMemory request was completed. (0x12B)
[0606/061452.588:ERROR:process_memory_win.cc(73)] ReadMemory at 0x9e4850 of 132 bytes failed: Only part of a ReadProcessMemory or WriteProcessMemory request was completed. (0x12B)
[0606/061452.589:ERROR:process_memory_win.cc(73)] ReadMemory at 0x9e4940 of 132 bytes failed: Only part of a ReadProcessMemory or WriteProcessMemory request was completed. (0x12B)
[0606/061452.589:ERROR:process_memory_win.cc(73)] ReadMemory at 0x9e4a30 of 132 bytes failed: Only part of a ReadProcessMemory or WriteProcessMemory request was completed. (0x12B)
[0606/061452.589:ERROR:process_memory_win.cc(73)] ReadMemory at 0x9e4b20 of 132 bytes failed: Only part of a ReadProcessMemory or WriteProcessMemory request was completed. (0x12B)
[0606/061452.589:ERROR:process_memory_win.cc(73)] ReadMemory at 0x9e4c10 of 132 bytes failed: Only part of a ReadProcessMemory or WriteProcessMemory request was completed. (0x12B)
[0606/061452.589:ERROR:process_memory_win.cc(73)] ReadMemory at 0x9e4d00 of 132 bytes failed: Only part of a ReadProcessMemory or WriteProcessMemory request was completed. (0x12B)
[0606/061452.589:ERROR:process_memory_win.cc(73)] ReadMemory at 0x9e4df0 of 132 bytes failed: Only part of a ReadProcessMemory or WriteProcessMemory request was completed. (0x12B)
[0606/061452.589:ERROR:process_memory_win.cc(73)] ReadMemory at 0x9e4ee0 of 132 bytes failed: Only part of a ReadProcessMemory or WriteProcessMemory request was completed. (0x12B)
[0606/061452.589:ERROR:process_memory_win.cc(73)] ReadMemory at 0x9e4fd0 of 132 bytes failed: Only part of a ReadProcessMemory or WriteProcessMemory request was completed. (0x12B)
[0606/061452.589:ERROR:process_memory_win.cc(73)] ReadMemory at 0x9e50c0 of 132 bytes failed: Only part of a ReadProcessMemory or WriteProcessMemory request was completed. (0x12B)
[0606/061452.590:ERROR:process_memory_win.cc(73)] ReadMemory at 0x9e51b0 of 132 bytes failed: Only part of a ReadProcessMemory or WriteProcessMemory request was completed. (0x12B)
[0606/061452.590:ERROR:process_memory_win.cc(73)] ReadMemory at 0x9e52a0 of 132 bytes failed: Only part of a ReadProcessMemory or WriteProcessMemory request was completed. (0x12B)
[0606/061452.590:ERROR:process_memory_win.cc(73)] ReadMemory at 0x9e5390 of 132 bytes failed: Only part of a ReadProcessMemory or WriteProcessMemory request was completed. (0x12B)
[0606/061452.590:ERROR:process_memory_win.cc(73)] ReadMemory at 0x9e5480 of 132 bytes failed: Only part of a ReadProcessMemory or WriteProcessMemory request was completed. (0x12B)
[0606/061452.590:ERROR:process_memory_win.cc(73)] ReadMemory at 0x9e5570 of 132 bytes failed: Only part of a ReadProcessMemory or WriteProcessMemory request was completed. (0x12B)
[0606/061452.590:ERROR:process_memory_win.cc(73)] ReadMemory at 0x9e5660 of 132 bytes failed: Only part of a ReadProcessMemory or WriteProcessMemory request was completed. (0x12B)
[0606/061452.590:ERROR:process_memory_win.cc(73)] ReadMemory at 0x9e5750 of 132 bytes failed: Only part of a ReadProcessMemory or WriteProcessMemory request was completed. (0x12B)
[0606/061452.590:ERROR:process_memory_win.cc(73)] ReadMemory at 0x9e5840 of 132 bytes failed: Only part of a ReadProcessMemory or WriteProcessMemory request was completed. (0x12B)
[0606/061452.590:ERROR:process_memory_win.cc(73)] ReadMemory at 0x9e5930 of 132 bytes failed: Only part of a ReadProcessMemory or WriteProcessMemory request was completed. (0x12B)
[0606/061452.590:ERROR:process_memory_win.cc(73)] ReadMemory at 0x9e5a20 of 132 bytes failed: Only part of a ReadProcessMemory or WriteProcessMemory request was completed. (0x12B)
[0606/061452.591:ERROR:process_memory_win.cc(73)] ReadMemory at 0x9e5b10 of 132 bytes failed: Only part of a ReadProcessMemory or WriteProcessMemory request was completed. (0x12B)
[0606/061452.591:ERROR:process_memory_win.cc(73)] ReadMemory at 0x9e5c00 of 132 bytes failed: Only part of a ReadProcessMemory or WriteProcessMemory request was completed. (0x12B)
[0606/061452.591:ERROR:process_memory_win.cc(73)] ReadMemory at 0x9e5cf0 of 132 bytes failed: Only part of a ReadProcessMemory or WriteProcessMemory request was completed. (0x12B)
[0606/061452.591:ERROR:process_memory_win.cc(73)] ReadMemory at 0x9e5ed0 of 132 bytes failed: Only part of a ReadProcessMemory or WriteProcessMemory request was completed. (0x12B)
[0606/061452.591:ERROR:process_memory_win.cc(73)] ReadMemory at 0x9e5fc0 of 132 bytes failed: Only part of a ReadProcessMemory or WriteProcessMemory request was completed. (0x12B)
[0606/061452.591:ERROR:process_memory_win.cc(73)] ReadMemory at 0x9e60b0 of 132 bytes failed: Only part of a ReadProcessMemory or WriteProcessMemory request was completed. (0x12B)
[0606/061452.591:ERROR:process_memory_win.cc(73)] ReadMemory at 0x9f1aa0 of 62 bytes failed: Only part of a ReadProcessMemory or WriteProcessMemory request was completed. (0x12B)
[0606/061452.591:ERROR:process_memory_win.cc(73)] ReadMemory at 0x9f1af0 of 62 bytes failed: Only part of a ReadProcessMemory or WriteProcessMemory request was completed. (0x12B)
[0606/061452.591:ERROR:process_memory_win.cc(73)] ReadMemory at 0x9f1c30 of 66 bytes failed: Only part of a ReadProcessMemory or WriteProcessMemory request was completed. (0x12B)
[0606/061452.591:ERROR:process_memory_win.cc(73)] ReadMemory at 0xa01700 of 512 bytes failed: Only part of a ReadProcessMemory or WriteProcessMemory request was completed. (0x12B)
[0606/061452.591:ERROR:process_memory_win.cc(73)] ReadMemory at 0xa01b60 of 512 bytes failed: Only part of a ReadProcessMemory or WriteProcessMemory request was completed. (0x12B)
[0606/061452.592:ERROR:process_memory_win.cc(73)] ReadMemory at 0xa03b80 of 512 bytes failed: Only part of a ReadProcessMemory or WriteProcessMemory request was completed. (0x12B)
[0606/061452.592:ERROR:process_memory_win.cc(73)] ReadMemory at 0x168d110 of 640 bytes failed: Only part of a ReadProcessMemory or WriteProcessMemory request was completed. (0x12B)
[0606/061452.592:ERROR:process_memory_win.cc(73)] ReadMemory at 0x16a94f0 of 648 bytes failed: Only part of a ReadProcessMemory or WriteProcessMemory request was completed. (0x12B)
[0606/061452.592:ERROR:process_memory_win.cc(73)] ReadMemory at 0x16ac830 of 512 bytes failed: Only part of a ReadProcessMemory or WriteProcessMemory request was completed. (0x12B)
[0606/061452.592:ERROR:process_memory_win.cc(73)] ReadMemory at 0x2c68950 of 512 bytes failed: Only part of a ReadProcessMemory or WriteProcessMemory request was completed. (0x12B)
[0606/061452.592:ERROR:process_memory_win.cc(73)] ReadMemory at 0x2c73fc0 of 512 bytes failed: Only part of a ReadProcessMemory or WriteProcessMemory request was completed. (0x12B)
[0606/061452.592:ERROR:process_memory_win.cc(73)] ReadMemory at 0x2c770d0 of 712 bytes failed: Only part of a ReadProcessMemory or WriteProcessMemory request was completed. (0x12B)
[0606/061452.592:ERROR:process_memory_win.cc(73)] ReadMemory at 0x2c78c30 of 536 bytes failed: Only part of a ReadProcessMemory or WriteProcessMemory request was completed. (0x12B)
[0606/061452.593:ERROR:process_memory_win.cc(73)] ReadMemory at 0x2c7d940 of 512 bytes failed: Only part of a ReadProcessMemory or WriteProcessMemory request was completed. (0x12B)
[0606/061452.593:ERROR:process_memory_win.cc(73)] ReadMemory at 0x2c7f3a0 of 512 bytes failed: Only part of a ReadProcessMemory or WriteProcessMemory request was completed. (0x12B)
[0606/061452.593:ERROR:process_memory_win.cc(73)] ReadMemory at 0x2c81e40 of 512 bytes failed: Only part of a ReadProcessMemory or WriteProcessMemory request was completed. (0x12B)
[0606/061452.593:ERROR:process_memory_win.cc(73)] ReadMemory at 0x2c840d0 of 512 bytes failed: Only part of a ReadProcessMemory or WriteProcessMemory request was completed. (0x12B)
[0606/061452.593:ERROR:process_memory_win.cc(73)] ReadMemory at 0x2c89f30 of 512 bytes failed: Only part of a ReadProcessMemory or WriteProcessMemory request was completed. (0x12B)
[0606/061452.593:ERROR:process_memory_win.cc(73)] ReadMemory at 0x2cb4360 of 512 bytes failed: Only part of a ReadProcessMemory or WriteProcessMemory request was completed. (0x12B)
[0606/061452.593:ERROR:process_memory_win.cc(73)] ReadMemory at 0x2cb6480 of 576 bytes failed: Only part of a ReadProcessMemory or WriteProcessMemory request was completed. (0x12B)
[0606/061452.593:ERROR:process_memory_win.cc(73)] ReadMemory at 0x2cb9b00 of 512 bytes failed: Only part of a ReadProcessMemory or WriteProcessMemory request was completed. (0x12B)
[0606/061452.593:ERROR:process_memory_win.cc(73)] ReadMemory at 0x2cbd180 of 512 bytes failed: Only part of a ReadProcessMemory or WriteProcessMemory request was completed. (0x12B)
[0606/061452.593:ERROR:process_memory_win.cc(73)] ReadMemory at 0x2cc3560 of 512 bytes failed: Only part of a ReadProcessMemory or WriteProcessMemory request was completed. (0x12B)
[0606/061452.594:ERROR:process_memory_win.cc(73)] ReadMemory at 0x721d908 of 512 bytes failed: Only part of a ReadProcessMemory or WriteProcessMemory request was completed. (0x12B)
[0606/061452.594:ERROR:process_memory_win.cc(73)] ReadMemory at 0x7222308 of 512 bytes failed: Only part of a ReadProcessMemory or WriteProcessMemory request was completed. (0x12B)
[0606/061452.594:ERROR:process_memory_win.cc(73)] ReadMemory at 0x724b6d0 of 512 bytes failed: Only part of a ReadProcessMemory or WriteProcessMemory request was completed. (0x12B)
[0606/061452.594:ERROR:process_memory_win.cc(73)] ReadMemory at 0x727ef70 of 576 bytes failed: Only part of a ReadProcessMemory or WriteProcessMemory request was completed. (0x12B)
[0606/061452.594:ERROR:process_memory_win.cc(73)] ReadMemory at 0x108e15a0 of 512 bytes failed: Only part of a ReadProcessMemory or WriteProcessMemory request was completed. (0x12B)
[0606/061452.594:ERROR:process_memory_win.cc(73)] ReadMemory at 0x108e2600 of 512 bytes failed: Only part of a ReadProcessMemory or WriteProcessMemory request was completed. (0x12B)
[0606/061452.594:ERROR:process_memory_win.cc(73)] ReadMemory at 0x10a3f1d0 of 520 bytes failed: Only part of a ReadProcessMemory or WriteProcessMemory request was completed. (0x12B)
[0606/061452.594:ERROR:process_memory_win.cc(73)] ReadMemory at 0x10b4116a of 512 bytes failed: Only part of a ReadProcessMemory or WriteProcessMemory request was completed. (0x12B)
[0606/061452.594:ERROR:process_memory_win.cc(73)] ReadMemory at 0x184a4cd8 of 512 bytes failed: Only part of a ReadProcessMemory or WriteProcessMemory request was completed. (0x12B)
[0606/061452.595:ERROR:process_memory_win.cc(73)] ReadMemory at 0x184bb840 of 512 bytes failed: Only part of a ReadProcessMemory or WriteProcessMemory request was completed. (0x12B)
[0606/061452.595:ERROR:process_memory_win.cc(73)] ReadMemory at 0x18504ac8 of 512 bytes failed: Only part of a ReadProcessMemory or WriteProcessMemory request was completed. (0x12B)
[0606/061452.595:ERROR:process_memory_win.cc(73)] ReadMemory at 0x1850aa00 of 512 bytes failed: Only part of a ReadProcessMemory or WriteProcessMemory request was completed. (0x12B)
[0606/061452.595:ERROR:process_memory_win.cc(73)] ReadMemory at 0x1855ec98 of 512 bytes failed: Only part of a ReadProcessMemory or WriteProcessMemory request was completed. (0x12B)
[0606/061452.595:ERROR:process_memory_win.cc(73)] ReadMemory at 0x18762db0 of 512 bytes failed: Only part of a ReadProcessMemory or WriteProcessMemory request was completed. (0x12B)
[0606/061452.595:ERROR:process_memory_win.cc(73)] ReadMemory at 0x18765470 of 512 bytes failed: Only part of a ReadProcessMemory or WriteProcessMemory request was completed. (0x12B)
[0606/061452.595:ERROR:process_memory_win.cc(73)] ReadMemory at 0x77a7b2a8 of 512 bytes failed: Only part of a ReadProcessMemory or WriteProcessMemory request was completed. (0x12B)
[0606/061452.596:ERROR:process_memory_win.cc(73)] ReadMemory at 0x77aaa760 of 512 bytes failed: Only part of a ReadProcessMemory or WriteProcessMemory request was completed. (0x12B)
[0606/061452.596:ERROR:process_memory_win.cc(73)] ReadMemory at 0x77aaf3c0 of 512 bytes failed: Only part of a ReadProcessMemory or WriteProcessMemory request was completed. (0x12B)
[0606/061452.596:ERROR:process_memory_win.cc(73)] ReadMemory at 0x77addb9a of 1008 bytes failed: Only part of a ReadProcessMemory or WriteProcessMemory request was completed. (0x12B)
[0606/061452.596:ERROR:process_memory_win.cc(73)] ReadMemory at 0x77ade10a of 512 bytes failed: Only part of a ReadProcessMemory or WriteProcessMemory request was completed. (0x12B)
[0606/061452.596:ERROR:process_memory_win.cc(73)] ReadMemory at 0x77adf44a of 528 bytes failed: Only part of a ReadProcessMemory or WriteProcessMemory request was completed. (0x12B)
[0606/061452.596:ERROR:process_memory_win.cc(73)] ReadMemory at 0x77b8f460 of 816 bytes failed: Only part of a ReadProcessMemory or WriteProcessMemory request was completed. (0x12B)
[0606/061452.596:ERROR:process_memory_win.cc(73)] ReadMemory at 0x77ba03b8 of 18 bytes failed: Only part of a ReadProcessMemory or WriteProcessMemory request was completed. (0x12B)
[0606/061452.596:ERROR:process_memory_win.cc(73)] ReadMemory at 0x77bbd640 of 64 bytes failed: Only part of a ReadProcessMemory or WriteProcessMemory request was completed. (0x12B)
[0606/061452.596:ERROR:process_memory_win.cc(73)] ReadMemory at 0x77bc2100 of 48 bytes failed: Only part of a ReadProcessMemory or WriteProcessMemory request was completed. (0x12B)
[0606/061452.597:ERROR:process_memory_win.cc(73)] ReadMemory at 0x77bc2490 of 40 bytes failed: Only part of a ReadProcessMemory or WriteProcessMemory request was completed. (0x12B)
[0606/061452.597:ERROR:process_memory_win.cc(73)] ReadMemory at 0x7fee9d160d6 of 512 bytes failed: Only part of a ReadProcessMemory or WriteProcessMemory request was completed. (0x12B)
[0606/061452.597:ERROR:process_memory_win.cc(73)] ReadMemory at 0x7feecf0b5d3 of 512 bytes failed: Only part of a ReadProcessMemory or WriteProcessMemory request was completed. (0x12B)
[0606/061452.597:ERROR:process_memory_win.cc(73)] ReadMemory at 0x7fef09f2cf0 of 512 bytes failed: Only part of a ReadProcessMemory or WriteProcessMemory request was completed. (0x12B)
[0606/061452.597:ERROR:process_memory_win.cc(73)] ReadMemory at 0x7fef0a70050 of 512 bytes failed: Only part of a ReadProcessMemory or WriteProcessMemory request was completed. (0x12B)
[0606/061452.597:ERROR:process_memory_win.cc(73)] ReadMemory at 0x7fef0c88ff0 of 512 bytes failed: Only part of a ReadProcessMemory or WriteProcessMemory request was completed. (0x12B)
[0606/061452.597:ERROR:process_memory_win.cc(73)] ReadMemory at 0x7fef35cb97e of 512 bytes failed: Only part of a ReadProcessMemory or WriteProcessMemory request was completed. (0x12B)
[0606/061452.597:ERROR:process_memory_win.cc(73)] ReadMemory at 0x7fefd88aa2d of 512 bytes failed: Only part of a ReadProcessMemory or WriteProcessMemory request was completed. (0x12B)
[0606/061452.597:ERROR:process_memory_win.cc(73)] ReadMemory at 0x7fffffa0000 of 6024 bytes failed: Only part of a ReadProcessMemory or WriteProcessMemory request was completed. (0x12B)
[0606/061452.598:ERROR:process_memory_win.cc(73)] ReadMemory at 0x7fffffa2000 of 6024 bytes failed: Only part of a ReadProcessMemory or WriteProcessMemory request was completed. (0x12B)
[0606/061452.598:ERROR:process_memory_win.cc(73)] ReadMemory at 0x7fffffa4000 of 6024 bytes failed: Only part of a ReadProcessMemory or WriteProcessMemory request was completed. (0x12B)
[0606/061452.598:ERROR:process_memory_win.cc(73)] ReadMemory at 0x7fffffa6000 of 6024 bytes failed: Only part of a ReadProcessMemory or WriteProcessMemory request was completed. (0x12B)
[0606/061452.598:ERROR:process_memory_win.cc(73)] ReadMemory at 0x7fffffa8000 of 6024 bytes failed: Only part of a ReadProcessMemory or WriteProcessMemory request was completed. (0x12B)
[0606/061452.598:ERROR:process_memory_win.cc(73)] ReadMemory at 0x7fffffaa000 of 6024 bytes failed: Only part of a ReadProcessMemory or WriteProcessMemory request was completed. (0x12B)
[0606/061452.598:ERROR:process_memory_win.cc(73)] ReadMemory at 0x7fffffac000 of 6024 bytes failed: Only part of a ReadProcessMemory or WriteProcessMemory request was completed. (0x12B)
[0606/061452.598:ERROR:process_memory_win.cc(73)] ReadMemory at 0x7fffffae000 of 6024 bytes failed: Only part of a ReadProcessMemory or WriteProcessMemory request was completed. (0x12B)
[0606/061452.599:ERROR:process_memory_win.cc(73)] ReadMemory at 0x7fffffd3000 of 6024 bytes failed: Only part of a ReadProcessMemory or WriteProcessMemory request was completed. (0x12B)
[0606/061452.599:ERROR:process_memory_win.cc(73)] ReadMemory at 0x7fffffd5000 of 852 bytes failed: Only part of a ReadProcessMemory or WriteProcessMemory request was completed. (0x12B)
[0606/061452.599:ERROR:process_memory_win.cc(73)] ReadMemory at 0x7fffffd6000 of 6024 bytes failed: Only part of a ReadProcessMemory or WriteProcessMemory request was completed. (0x12B)
[0606/061452.599:ERROR:process_memory_win.cc(73)] ReadMemory at 0x7fffffd8000 of 6024 bytes failed: Only part of a ReadProcessMemory or WriteProcessMemory request was completed. (0x12B)
[0606/061452.599:ERROR:process_memory_win.cc(73)] ReadMemory at 0x7fffffda000 of 6024 bytes failed: Only part of a ReadProcessMemory or WriteProcessMemory request was completed. (0x12B)
[0606/061452.599:ERROR:process_memory_win.cc(73)] ReadMemory at 0x7fffffdc000 of 6024 bytes failed: Only part of a ReadProcessMemory or WriteProcessMemory request was completed. (0x12B)
[0606/061452.599:ERROR:process_memory_win.cc(73)] ReadMemory at 0x7fffffde000 of 6024 bytes failed: Only part of a ReadProcessMemory or WriteProcessMemory request was completed. (0x12B)
[0606/061452.602:ERROR:scoped_process_suspend.cc(40)] NtResumeProcess: An attempt was made to access an exiting process. (0xc000010a)
